<?xml version="1.0" encoding="UTF-8"?>
<testsuite name="util.ResourcesTest" tests="2" skipped="0" failures="0" errors="0" timestamp="2025-04-28T16:23:09" hostname="Sungwons-MacBook-Pro" time="0.001">
  <properties/>
  <testcase name="testJarInitialValue()" classname="util.ResourcesTest" time="0.0"/>
  <testcase name="testResourceConstants()" classname="util.ResourcesTest" time="0.001"/>
  <system-out><![CDATA[]]></system-out>
  <system-err><![CDATA[]]></system-err>
</testsuite>
