<?xml version="1.0" encoding="UTF-8"?>
<testsuite name="util.SearchTestSimplified" tests="6" skipped="0" failures="0" errors="0" timestamp="2025-04-28T16:23:11" hostname="Sungwons-MacBook-Pro" time="0.797">
  <properties/>
  <testcase name="searchInterruptionTest()" classname="util.SearchTestSimplified" time="0.215"/>
  <testcase name="getResultTest()" classname="util.SearchTestSimplified" time="0.166"/>
  <testcase name="AlbumComparisonTest()" classname="util.SearchTestSimplified" time="0.131"/>
  <testcase name="searchDoubleCallInterruptionTest()" classname="util.SearchTestSimplified" time="0.037"/>
  <testcase name="ArtistComparisonTest()" classname="util.SearchTestSimplified" time="0.132"/>
  <testcase name="SongComparisonTest()" classname="util.SearchTestSimplified" time="0.11"/>
  <system-out><![CDATA[]]></system-out>
  <system-err><![CDATA[Apr 28, 2025 12:23:11 PM org.jaudiotagger.tag.id3.AbstractID3v2Frame readIdentifier
WARNING: Tech_Virtual_Reality_Quote.mp3:No space to find another frame:
Apr 28, 2025 12:23:11 PM org.jaudiotagger.tag.id3.ID3v24Tag readFrames
WARNING: Tech_Virtual_Reality_Quote.mp3:Invalid Frame:Tech_Virtual_Reality_Quote.mp3:No space to find another frame
Apr 28, 2025 12:23:11 PM org.jaudiotagger.tag.id3.AbstractID3v2Frame readIdentifier
WARNING: Tech_Virtual_Reality_Quote.mp3:No space to find another frame:
Apr 28, 2025 12:23:11 PM org.jaudiotagger.tag.id3.ID3v24Tag readFrames
WARNING: Tech_Virtual_Reality_Quote.mp3:Invalid Frame:Tech_Virtual_Reality_Quote.mp3:No space to find another frame
Apr 28, 2025 12:23:11 PM org.jaudiotagger.tag.id3.AbstractID3v2Frame readIdentifier
WARNING: Tech_Drones_Quote.mp3:No space to find another frame:
Apr 28, 2025 12:23:11 PM org.jaudiotagger.tag.id3.ID3v24Tag readFrames
WARNING: Tech_Drones_Quote.mp3:Invalid Frame:Tech_Drones_Quote.mp3:No space to find another frame
Apr 28, 2025 12:23:11 PM org.jaudiotagger.tag.id3.AbstractID3v2Frame readIdentifier
WARNING: Tech_Commercial_Logistics_Quote.mp3:No space to find another frame:
Apr 28, 2025 12:23:11 PM org.jaudiotagger.tag.id3.ID3v24Tag readFrames
WARNING: Tech_Commercial_Logistics_Quote.mp3:Invalid Frame:Tech_Commercial_Logistics_Quote.mp3:No space to find another frame
Apr 28, 2025 12:23:11 PM org.jaudiotagger.tag.id3.AbstractID3v2Frame readIdentifier
WARNING: Tech_Drones_Quote.mp3:No space to find another frame:
Apr 28, 2025 12:23:11 PM org.jaudiotagger.tag.id3.ID3v24Tag readFrames
WARNING: Tech_Drones_Quote.mp3:Invalid Frame:Tech_Drones_Quote.mp3:No space to find another frame
Apr 28, 2025 12:23:11 PM org.jaudiotagger.tag.id3.AbstractID3v2Frame readIdentifier
WARNING: Tech_Virtual_Reality_Quote.mp3:No space to find another frame:
Apr 28, 2025 12:23:11 PM org.jaudiotagger.tag.id3.ID3v24Tag readFrames
WARNING: Tech_Virtual_Reality_Quote.mp3:Invalid Frame:Tech_Virtual_Reality_Quote.mp3:No space to find another frame
Apr 28, 2025 12:23:11 PM org.jaudiotagger.tag.id3.AbstractID3v2Frame readIdentifier
WARNING: Tech_Drones_Quote.mp3:No space to find another frame:
Apr 28, 2025 12:23:11 PM org.jaudiotagger.tag.id3.ID3v24Tag readFrames
WARNING: Tech_Drones_Quote.mp3:Invalid Frame:Tech_Drones_Quote.mp3:No space to find another frame
Apr 28, 2025 12:23:11 PM org.jaudiotagger.tag.id3.AbstractID3v2Frame readIdentifier
WARNING: Tech_Drones_Quote.mp3:No space to find another frame:
Apr 28, 2025 12:23:11 PM org.jaudiotagger.tag.id3.ID3v24Tag readFrames
WARNING: Tech_Drones_Quote.mp3:Invalid Frame:Tech_Drones_Quote.mp3:No space to find another frame
Apr 28, 2025 12:23:11 PM org.jaudiotagger.tag.id3.AbstractID3v2Frame readIdentifier
WARNING: Tech_Virtual_Reality_Quote.mp3:No space to find another frame:
Apr 28, 2025 12:23:11 PM org.jaudiotagger.tag.id3.ID3v24Tag readFrames
WARNING: Tech_Virtual_Reality_Quote.mp3:Invalid Frame:Tech_Virtual_Reality_Quote.mp3:No space to find another frame
Apr 28, 2025 12:23:11 PM org.jaudiotagger.tag.id3.AbstractID3v2Frame readIdentifier
WARNING: Tech_Commercial_Logistics_Quote.mp3:No space to find another frame:
Apr 28, 2025 12:23:11 PM org.jaudiotagger.tag.id3.ID3v24Tag readFrames
WARNING: Tech_Commercial_Logistics_Quote.mp3:Invalid Frame:Tech_Commercial_Logistics_Quote.mp3:No space to find another frame
Apr 28, 2025 12:23:11 PM org.jaudiotagger.tag.id3.AbstractID3v2Frame readIdentifier
WARNING: Tech_Virtual_Reality_Quote.mp3:No space to find another frame:
Apr 28, 2025 12:23:11 PM org.jaudiotagger.tag.id3.ID3v24Tag readFrames
WARNING: Tech_Virtual_Reality_Quote.mp3:Invalid Frame:Tech_Virtual_Reality_Quote.mp3:No space to find another frame
Apr 28, 2025 12:23:11 PM org.jaudiotagger.tag.id3.AbstractID3v2Frame readIdentifier
WARNING: Tech_Drones_Quote.mp3:No space to find another frame:
Apr 28, 2025 12:23:11 PM org.jaudiotagger.tag.id3.ID3v24Tag readFrames
WARNING: Tech_Drones_Quote.mp3:Invalid Frame:Tech_Drones_Quote.mp3:No space to find another frame
Apr 28, 2025 12:23:11 PM org.jaudiotagger.tag.id3.AbstractID3v2Frame readIdentifier
WARNING: Tech_Drones_Quote.mp3:No space to find another frame:
Apr 28, 2025 12:23:11 PM org.jaudiotagger.tag.id3.ID3v24Tag readFrames
WARNING: Tech_Drones_Quote.mp3:Invalid Frame:Tech_Drones_Quote.mp3:No space to find another frame
Apr 28, 2025 12:23:11 PM org.jaudiotagger.tag.id3.AbstractID3v2Frame readIdentifier
WARNING: Tech_Virtual_Reality_Quote.mp3:No space to find another frame:
Apr 28, 2025 12:23:11 PM org.jaudiotagger.tag.id3.ID3v24Tag readFrames
WARNING: Tech_Virtual_Reality_Quote.mp3:Invalid Frame:Tech_Virtual_Reality_Quote.mp3:No space to find another frame
Apr 28, 2025 12:23:11 PM org.jaudiotagger.tag.id3.AbstractID3v2Frame readIdentifier
WARNING: Tech_Commercial_Logistics_Quote.mp3:No space to find another frame:
Apr 28, 2025 12:23:11 PM org.jaudiotagger.tag.id3.ID3v24Tag readFrames
WARNING: Tech_Commercial_Logistics_Quote.mp3:Invalid Frame:Tech_Commercial_Logistics_Quote.mp3:No space to find another frame
Apr 28, 2025 12:23:11 PM org.jaudiotagger.tag.id3.AbstractID3v2Frame readIdentifier
WARNING: Tech_Drones_Quote.mp3:No space to find another frame:
Apr 28, 2025 12:23:11 PM org.jaudiotagger.tag.id3.ID3v24Tag readFrames
WARNING: Tech_Drones_Quote.mp3:Invalid Frame:Tech_Drones_Quote.mp3:No space to find another frame
Apr 28, 2025 12:23:11 PM org.jaudiotagger.tag.id3.AbstractID3v2Frame readIdentifier
WARNING: Tech_Drones_Quote.mp3:No space to find another frame:
Apr 28, 2025 12:23:11 PM org.jaudiotagger.tag.id3.ID3v24Tag readFrames
WARNING: Tech_Drones_Quote.mp3:Invalid Frame:Tech_Drones_Quote.mp3:No space to find another frame
Apr 28, 2025 12:23:11 PM org.jaudiotagger.tag.id3.AbstractID3v2Frame readIdentifier
WARNING: Tech_Virtual_Reality_Quote.mp3:No space to find another frame:
Apr 28, 2025 12:23:11 PM org.jaudiotagger.tag.id3.ID3v24Tag readFrames
WARNING: Tech_Virtual_Reality_Quote.mp3:Invalid Frame:Tech_Virtual_Reality_Quote.mp3:No space to find another frame
Apr 28, 2025 12:23:11 PM org.jaudiotagger.tag.id3.AbstractID3v2Frame readIdentifier
WARNING: Tech_Commercial_Logistics_Quote.mp3:No space to find another frame:
Apr 28, 2025 12:23:11 PM org.jaudiotagger.tag.id3.ID3v24Tag readFrames
WARNING: Tech_Commercial_Logistics_Quote.mp3:Invalid Frame:Tech_Commercial_Logistics_Quote.mp3:No space to find another frame
Apr 28, 2025 12:23:11 PM org.jaudiotagger.tag.id3.AbstractID3v2Frame readIdentifier
WARNING: Tech_Virtual_Reality_Quote.mp3:No space to find another frame:
Apr 28, 2025 12:23:11 PM org.jaudiotagger.tag.id3.ID3v24Tag readFrames
WARNING: Tech_Virtual_Reality_Quote.mp3:Invalid Frame:Tech_Virtual_Reality_Quote.mp3:No space to find another frame
]]></system-err>
</testsuite>
