<?xml version="1.0" encoding="UTF-8"?>
<testsuite name="util.CustomSliderSkinTest" tests="37" skipped="0" failures="0" errors="0" timestamp="2025-04-28T16:23:09" hostname="Sungwons-MacBook-Pro" time="0.473">
  <properties/>
  <testcase name="testValueExceedingMax()" classname="util.CustomSliderSkinTest" time="0.015"/>
  <testcase name="testSetShowTickMarksWithExistingTickLine()" classname="util.CustomSliderSkinTest" time="0.13"/>
  <testcase name="testMouseInteractions()" classname="util.CustomSliderSkinTest" time="0.011"/>
  <testcase name="testLayoutCalculationsWithTickMarks()" classname="util.CustomSliderSkinTest" time="0.009"/>
  <testcase name="testGetThumb()" classname="util.CustomSliderSkinTest" time="0.002"/>
  <testcase name="testGetTrack()" classname="util.CustomSliderSkinTest" time="0.001"/>
  <testcase name="testLayoutChildrenWithTickMarksVertical()" classname="util.CustomSliderSkinTest" time="0.007"/>
  <testcase name="testDirectLayoutChildren()" classname="util.CustomSliderSkinTest" time="0.002"/>
  <testcase name="testTrackRadiusCalculation()" classname="util.CustomSliderSkinTest" time="0.005"/>
  <testcase name="testTickMarksAndLabels()" classname="util.CustomSliderSkinTest" time="0.004"/>
  <testcase name="testTrackBackgroundNull()" classname="util.CustomSliderSkinTest" time="0.002"/>
  <testcase name="testAllPropertyChangesSequentially()" classname="util.CustomSliderSkinTest" time="0.011"/>
  <testcase name="testLayoutChildren()" classname="util.CustomSliderSkinTest" time="0.004"/>
  <testcase name="testMajorTickUnitChangeWithoutTickLine()" classname="util.CustomSliderSkinTest" time="0.004"/>
  <testcase name="testValidHorizontalLayoutCalculations()" classname="util.CustomSliderSkinTest" time="0.002"/>
  <testcase name="testSetShowTickMarks()" classname="util.CustomSliderSkinTest" time="0.008"/>
  <testcase name="testAnimations()" classname="util.CustomSliderSkinTest" time="0.155"/>
  <testcase name="testMinorTickCountChangeWithoutTickLine()" classname="util.CustomSliderSkinTest" time="0.004"/>
  <testcase name="testOrientationChange()" classname="util.CustomSliderSkinTest" time="0.001"/>
  <testcase name="testLabelFormatter()" classname="util.CustomSliderSkinTest" time="0.005"/>
  <testcase name="testPropertyChanges()" classname="util.CustomSliderSkinTest" time="0.001"/>
  <testcase name="testHorizontalLayoutCalculations()" classname="util.CustomSliderSkinTest" time="0.002"/>
  <testcase name="testVerticalOrientationBranches()" classname="util.CustomSliderSkinTest" time="0.002"/>
  <testcase name="testVerticalValidLayoutCalculations()" classname="util.CustomSliderSkinTest" time="0.001"/>
  <testcase name="testVerticalLayoutCalculations()" classname="util.CustomSliderSkinTest" time="0.001"/>
  <testcase name="testInvalidValuesAndEdgeCases()" classname="util.CustomSliderSkinTest" time="0.001"/>
  <testcase name="testTickLabelFormatterChange()" classname="util.CustomSliderSkinTest" time="0.004"/>
  <testcase name="testTickLabelFormatterChangeWithoutTickLine()" classname="util.CustomSliderSkinTest" time="0.004"/>
  <testcase name="testStringConverterWrapperBranches()" classname="util.CustomSliderSkinTest" time="0.002"/>
  <testcase name="testLayoutChildrenWithTickMarksHorizontal()" classname="util.CustomSliderSkinTest" time="0.002"/>
  <testcase name="testInitialization()" classname="util.CustomSliderSkinTest" time="0.0"/>
  <testcase name="testOrientationNullEdgeCases()" classname="util.CustomSliderSkinTest" time="0.001"/>
  <testcase name="testValueGreaterThanMax()" classname="util.CustomSliderSkinTest" time="0.001"/>
  <testcase name="testTickLabelFormatterHandling()" classname="util.CustomSliderSkinTest" time="0.002"/>
  <testcase name="testHandleControlPropertyChanged()" classname="util.CustomSliderSkinTest" time="0.004"/>
  <testcase name="testPositionThumbAnimation()" classname="util.CustomSliderSkinTest" time="0.052"/>
  <testcase name="testTickLineWithLabelFormatter()" classname="util.CustomSliderSkinTest" time="0.002"/>
  <system-out><![CDATA[Testing track radius with default background...
Testing track radius with null background...
Testing track radius with background but no fills...
Testing track radius with background, fills, but zero/no radii...
]]></system-out>
  <system-err><![CDATA[Exception in thread "JavaFX Application Thread" org.opentest4j.AssertionFailedError: Reflection failed for tickLine field: Class util.CustomSliderSkinTest can not access a member of class app.musicplayer.util.CustomSliderSkin with modifiers "private"
	at org.junit.jupiter.api.AssertionUtils.fail(AssertionUtils.java:38)
	at org.junit.jupiter.api.Assertions.fail(Assertions.java:134)
	at util.CustomSliderSkinTest.lambda$testSetShowTickMarksWithExistingTickLine$19(CustomSliderSkinTest.java:645)
	at util.JavaFXInitializer.lambda$runLater$1(JavaFXInitializer.java:43)
	at com.sun.javafx.application.PlatformImpl.lambda$null$5(PlatformImpl.java:295)
	at java.security.AccessController.doPrivileged(Native Method)
	at com.sun.javafx.application.PlatformImpl.lambda$runLater$6(PlatformImpl.java:294)
	at com.sun.glass.ui.InvokeLaterDispatcher$Future.run(InvokeLaterDispatcher.java:95)
Exception in thread "JavaFX Application Thread" org.opentest4j.AssertionFailedError: Min width should be positive ==> expected: <true> but was: <false>
	at org.junit.jupiter.api.AssertionFailureBuilder.build(AssertionFailureBuilder.java:151)
	at org.junit.jupiter.api.AssertionFailureBuilder.buildAndThrow(AssertionFailureBuilder.java:132)
	at org.junit.jupiter.api.AssertTrue.failNotTrue(AssertTrue.java:63)
	at org.junit.jupiter.api.AssertTrue.assertTrue(AssertTrue.java:36)
	at org.junit.jupiter.api.Assertions.assertTrue(Assertions.java:210)
	at util.CustomSliderSkinTest.lambda$testHorizontalLayoutCalculations$9(CustomSliderSkinTest.java:231)
	at util.JavaFXInitializer.lambda$runLater$1(JavaFXInitializer.java:43)
	at com.sun.javafx.application.PlatformImpl.lambda$null$5(PlatformImpl.java:295)
	at java.security.AccessController.doPrivileged(Native Method)
	at com.sun.javafx.application.PlatformImpl.lambda$runLater$6(PlatformImpl.java:294)
	at com.sun.glass.ui.InvokeLaterDispatcher$Future.run(InvokeLaterDispatcher.java:95)
Exception in thread "JavaFX Application Thread" org.opentest4j.AssertionFailedError: Min width should be positive ==> expected: <true> but was: <false>
	at org.junit.jupiter.api.AssertionFailureBuilder.build(AssertionFailureBuilder.java:151)
	at org.junit.jupiter.api.AssertionFailureBuilder.buildAndThrow(AssertionFailureBuilder.java:132)
	at org.junit.jupiter.api.AssertTrue.failNotTrue(AssertTrue.java:63)
	at org.junit.jupiter.api.AssertTrue.assertTrue(AssertTrue.java:36)
	at org.junit.jupiter.api.Assertions.assertTrue(Assertions.java:210)
	at util.CustomSliderSkinTest.lambda$testVerticalLayoutCalculations$11(CustomSliderSkinTest.java:311)
	at util.JavaFXInitializer.lambda$runLater$1(JavaFXInitializer.java:43)
	at com.sun.javafx.application.PlatformImpl.lambda$null$5(PlatformImpl.java:295)
	at java.security.AccessController.doPrivileged(Native Method)
	at com.sun.javafx.application.PlatformImpl.lambda$runLater$6(PlatformImpl.java:294)
	at com.sun.glass.ui.InvokeLaterDispatcher$Future.run(InvokeLaterDispatcher.java:95)
]]></system-err>
</testsuite>
