<?xml version="1.0" encoding="UTF-8"?>
<testsuite name="util.ClippedTableCellTest" tests="4" skipped="0" failures="0" errors="0" timestamp="2025-04-28T16:23:09" hostname="Sungwons-MacBook-Pro" time="0.092">
  <properties/>
  <testcase name="testUpdateItemWithNullValue()" classname="util.ClippedTableCellTest" time="0.087"/>
  <testcase name="testUpdateItemWhenEmpty()" classname="util.ClippedTableCellTest" time="0.0"/>
  <testcase name="testUpdateItemWithValue()" classname="util.ClippedTableCellTest" time="0.001"/>
  <testcase name="testConstructor()" classname="util.ClippedTableCellTest" time="0.001"/>
  <system-out><![CDATA[]]></system-out>
  <system-err><![CDATA[]]></system-err>
</testsuite>
