<?xml version="1.0" encoding="UTF-8"?>
<testsuite name="util.ImportMusicTaskTest" tests="2" skipped="0" failures="0" errors="0" timestamp="2025-04-28T16:23:09" hostname="Sungwons-MacBook-Pro" time="0.004">
  <properties/>
  <testcase name="testTaskExecution()" classname="util.ImportMusicTaskTest" time="0.004"/>
  <testcase name="testUpdateProgressMethod()" classname="util.ImportMusicTaskTest" time="0.0"/>
  <system-out><![CDATA[]]></system-out>
  <system-err><![CDATA[]]></system-err>
</testsuite>
